\BOOKMARK [1][-]{Doc-Start}{\376\377\006\101\006\107\006\061\006\063\006\052\000\040\006\105\006\067\006\047\006\104\006\050}{}% 1
\BOOKMARK [1][-]{chapter*.1}{\376\377\006\101\006\107\006\061\006\063\006\052\000\040\006\052\006\065\006\047\006\110\006\314\006\061}{}% 2
\BOOKMARK [1][-]{chapter*.2}{\376\377\006\206\006\251\006\314\006\057\006\107}{}% 3
\BOOKMARK [0][-]{chapter.1}{\376\377\006\101\006\065\006\104\000\040}{}% 4
\BOOKMARK [1][-]{section.1.1}{\376\377\006\105\006\110\006\066\006\110\006\071\000\040\006\176\006\230\006\110\006\107\006\064\000\040\006\110\000\040\006\105\006\063\006\046\006\104\006\107}{chapter.1}% 5
\BOOKMARK [1][-]{section.1.2}{\376\377\006\176\006\314\006\064\006\314\006\106\006\107\000\040\006\052\006\055\006\102\006\314\006\102}{chapter.1}% 6
\BOOKMARK [1][-]{section.1.3}{\376\377\006\047\006\107\006\057\006\047\006\101\000\040\006\110\000\040\006\057\006\063\006\052\006\047\006\110\006\061\006\057\006\107\006\047\006\314\000\040\006\052\006\055\006\102\006\314\006\102}{chapter.1}% 7
\BOOKMARK [1][-]{section.1.4}{\376\377\006\063\006\047\006\056\006\052\006\047\006\061\000\040\006\257\006\062\006\047\006\061\006\064}{chapter.1}% 8
\BOOKMARK [0][-]{chapter.2}{\376\377\006\101\006\065\006\104\000\040}{}% 9
\BOOKMARK [1][-]{section.2.1}{\376\377\006\106\006\257\006\047\006\107\000\040\006\106\006\062\006\057\006\314\006\251\040\014\006\052\006\061\000\040\006\050\006\107\000\040\006\047\006\104\006\257\006\110\006\061\006\314\006\052\006\105\040\014\006\107\006\047\006\314\000\040\006\314\006\047\006\057\006\257\006\314\006\061\006\314}{chapter.2}% 10
\BOOKMARK [2][-]{subsection.2.1.1}{\376\377\006\314\006\047\006\057\006\257\006\314\006\061\006\314\000\040\006\105\006\052\006\105\006\061\006\251\006\062}{section.2.1}% 11
\BOOKMARK [2][-]{subsection.2.1.2}{\376\377\006\314\006\047\006\057\006\257\006\314\006\061\006\314\000\040\006\072\006\314\006\061\006\105\006\052\006\105\006\061\006\251\006\062}{section.2.1}% 12
\BOOKMARK [2][-]{subsection.2.1.3}{\376\377\006\314\006\047\006\057\006\257\006\314\006\061\006\314\000\040\006\052\006\110\006\062\006\314\006\071\000\040\006\064\006\057\006\107}{section.2.1}% 13
\BOOKMARK [2][-]{subsection.2.1.4}{\376\377\006\314\006\047\006\057\006\257\006\314\006\061\006\314\000\040\006\101\006\057\006\061\006\047\006\104}{section.2.1}% 14
\BOOKMARK [2][-]{subsection.2.1.5}{\376\377\006\047\006\104\006\257\006\110\006\061\006\314\006\052\006\105\000\040\000F\000e\000d\000A\000V\000G\000\040}{section.2.1}% 15
\BOOKMARK [1][-]{section.2.2}{\376\377\006\064\006\050\006\251\006\107\000\040\006\071\006\065\006\050\006\314\000\040\006\251\006\047\006\106\006\110\006\104\006\110\006\064\006\106\006\314}{chapter.2}% 16
\BOOKMARK [1][-]{section.2.3}{\376\377\006\176\006\061\006\057\006\047\006\062\006\064\000\040\006\104\006\050\006\107}{chapter.2}% 17
\BOOKMARK [2][-]{subsection.2.3.1}{\376\377\006\105\006\071\006\105\006\047\006\061\006\314\040\014\006\107\006\047\006\314\000\040\006\105\006\052\006\106\006\110\006\071\000\040\006\176\006\061\006\057\006\047\006\062\006\064\000\040\006\104\006\050\006\107}{section.2.3}% 18
\BOOKMARK [1][-]{section.2.4}{\376\377\006\314\006\047\006\057\006\257\006\314\006\061\006\314\000\040\006\101\006\057\006\061\006\047\006\104\000\040\006\057\006\061\000\040\006\047\006\314\006\106\006\052\006\061\006\106\006\052\000\040\006\047\006\064\006\314\006\047\006\041}{chapter.2}% 19
\BOOKMARK [1][-]{section.2.5}{\376\377\006\054\006\105\006\071\000\040\006\050\006\106\006\057\006\314}{chapter.2}% 20
\BOOKMARK [0][-]{chapter.3}{\376\377\006\101\006\065\006\104\000\040}{}% 21
\BOOKMARK [1][-]{section.3.1}{\376\377\006\105\006\054\006\105\006\110\006\071\006\107\000\040\006\057\006\047\006\057\006\107\000\040\006\052\006\071\006\061\006\314\006\101\000\040\006\064\006\057\006\107\000\040\006\057\006\061\000\040\006\105\006\063\006\046\006\104\006\107}{chapter.3}% 22
\BOOKMARK [1][-]{section.3.2}{\376\377\006\105\006\057\006\104\000\040\006\047\006\063\006\052\006\101\006\047\006\057\006\107\000\040\006\064\006\057\006\107\000\040\006\050\006\061\006\047\006\314\000\040\006\055\006\104\000\040\006\105\006\063\006\046\006\104\006\107}{chapter.3}% 23
\BOOKMARK [1][-]{section.3.3}{\376\377\006\105\006\055\006\314\006\067\000\040\006\052\006\110\006\063\006\071\006\107\000\040\006\047\006\063\006\052\006\101\006\047\006\057\006\107\000\040\006\064\006\057\006\107\000\040}{chapter.3}% 24
\BOOKMARK [1][-]{section.3.4}{\376\377\006\176\006\061\006\110\006\052\006\251\006\104\040\014\006\107\006\047\006\314\000\040\006\047\006\106\006\052\006\102\006\047\006\104\000\040\006\057\006\047\006\057\006\107\000\040\006\057\006\061\000\040\006\064\006\050\006\251\006\107}{chapter.3}% 25
\BOOKMARK [1][-]{section.3.5}{\376\377\006\105\006\055\006\314\006\067\000\040\006\064\006\050\006\314\006\107\040\014\006\063\006\047\006\062\006\314\000\040\006\176\006\314\006\047\006\057\006\107\000\040\006\064\006\057\006\107}{chapter.3}% 26
\BOOKMARK [0][-]{chapter.4}{\376\377\006\101\006\065\006\104\000\040}{}% 27
\BOOKMARK [1][-]{section.4.1}{\376\377\006\105\006\071\006\061\006\101\006\314\000\040\006\105\006\071\006\314\006\047\006\061\006\107\006\047\006\314\000\040\006\105\006\056\006\052\006\104\006\101}{chapter.4}% 28
\BOOKMARK [1][-]{section.4.2}{\376\377\006\106\006\052\006\047\006\314\006\054\000\040\006\050\006\107\040\014\006\057\006\063\006\052\000\040\006\042\006\105\006\057\006\107}{chapter.4}% 29
\BOOKMARK [1][-]{section.4.3}{\376\377\000\040\006\176\006\314\006\064\006\106\006\107\006\047\006\057\006\107\006\047\000\040\006\050\006\061\006\047\006\314\000\040\006\042\006\314\006\106\006\057\006\107}{chapter.4}% 30
\BOOKMARK [0][-]{appendix.Alph1}{\376\377\006\176\006\314\006\110\006\063\006\052\000\040}{}% 31
\BOOKMARK [0][-]{figure.Alph1.1}{\376\377\006\105\006\061\006\047\006\054\006\071}{}% 32
\BOOKMARK [0][-]{appendix*.3}{\376\377\006\206\006\251\006\314\006\057\006\107\000\040\006\047\006\106\006\257\006\104\006\314\006\063\006\314}{}% 33
